/home/gnd0/robot_ws/src/turtle_pkg/install/turtle_pkg/lib/python3.8/site-packages/turtle_pkg/sub_pose.py
/home/gnd0/robot_ws/src/turtle_pkg/install/turtle_pkg/lib/python3.8/site-packages/turtle_pkg/__init__.py
/home/gnd0/robot_ws/src/turtle_pkg/install/turtle_pkg/lib/python3.8/site-packages/turtle_pkg/move_turtle.py
/home/gnd0/robot_ws/src/turtle_pkg/install/turtle_pkg/lib/python3.8/site-packages/turtle_pkg/rotate_turtle2.py
/home/gnd0/robot_ws/src/turtle_pkg/install/turtle_pkg/lib/python3.8/site-packages/turtle_pkg/rotate_turtle5.py
/home/gnd0/robot_ws/src/turtle_pkg/install/turtle_pkg/lib/python3.8/site-packages/turtle_pkg/rotate_turtle.py
/home/gnd0/robot_ws/src/turtle_pkg/install/turtle_pkg/lib/python3.8/site-packages/turtle_pkg/rotate_turtle (copy).py
/home/gnd0/robot_ws/src/turtle_pkg/install/turtle_pkg/lib/python3.8/site-packages/turtle_pkg/rotate_turtle3.py
/home/gnd0/robot_ws/src/turtle_pkg/install/turtle_pkg/lib/python3.8/site-packages/turtle_pkg/remote_turtle.py
/home/gnd0/robot_ws/src/turtle_pkg/install/turtle_pkg/lib/python3.8/site-packages/turtle_pkg/getchar.py
/home/gnd0/robot_ws/src/turtle_pkg/install/turtle_pkg/lib/python3.8/site-packages/turtle_pkg/__pycache__/sub_pose.cpython-38.pyc
/home/gnd0/robot_ws/src/turtle_pkg/install/turtle_pkg/lib/python3.8/site-packages/turtle_pkg/__pycache__/__init__.cpython-38.pyc
/home/gnd0/robot_ws/src/turtle_pkg/install/turtle_pkg/lib/python3.8/site-packages/turtle_pkg/__pycache__/move_turtle.cpython-38.pyc
/home/gnd0/robot_ws/src/turtle_pkg/install/turtle_pkg/lib/python3.8/site-packages/turtle_pkg/__pycache__/rotate_turtle2.cpython-38.pyc
/home/gnd0/robot_ws/src/turtle_pkg/install/turtle_pkg/lib/python3.8/site-packages/turtle_pkg/__pycache__/rotate_turtle5.cpython-38.pyc
/home/gnd0/robot_ws/src/turtle_pkg/install/turtle_pkg/lib/python3.8/site-packages/turtle_pkg/__pycache__/rotate_turtle.cpython-38.pyc
/home/gnd0/robot_ws/src/turtle_pkg/install/turtle_pkg/lib/python3.8/site-packages/turtle_pkg/__pycache__/rotate_turtle (copy).cpython-38.pyc
/home/gnd0/robot_ws/src/turtle_pkg/install/turtle_pkg/lib/python3.8/site-packages/turtle_pkg/__pycache__/rotate_turtle3.cpython-38.pyc
/home/gnd0/robot_ws/src/turtle_pkg/install/turtle_pkg/lib/python3.8/site-packages/turtle_pkg/__pycache__/remote_turtle.cpython-38.pyc
/home/gnd0/robot_ws/src/turtle_pkg/install/turtle_pkg/lib/python3.8/site-packages/turtle_pkg/__pycache__/getchar.cpython-38.pyc
/home/gnd0/robot_ws/src/turtle_pkg/install/turtle_pkg/share/ament_index/resource_index/packages/turtle_pkg
/home/gnd0/robot_ws/src/turtle_pkg/install/turtle_pkg/share/turtle_pkg/package.xml
/home/gnd0/robot_ws/src/turtle_pkg/install/turtle_pkg/lib/python3.8/site-packages/turtle_pkg-0.0.0-py3.8.egg-info/SOURCES.txt
/home/gnd0/robot_ws/src/turtle_pkg/install/turtle_pkg/lib/python3.8/site-packages/turtle_pkg-0.0.0-py3.8.egg-info/requires.txt
/home/gnd0/robot_ws/src/turtle_pkg/install/turtle_pkg/lib/python3.8/site-packages/turtle_pkg-0.0.0-py3.8.egg-info/PKG-INFO
/home/gnd0/robot_ws/src/turtle_pkg/install/turtle_pkg/lib/python3.8/site-packages/turtle_pkg-0.0.0-py3.8.egg-info/dependency_links.txt
/home/gnd0/robot_ws/src/turtle_pkg/install/turtle_pkg/lib/python3.8/site-packages/turtle_pkg-0.0.0-py3.8.egg-info/top_level.txt
/home/gnd0/robot_ws/src/turtle_pkg/install/turtle_pkg/lib/python3.8/site-packages/turtle_pkg-0.0.0-py3.8.egg-info/entry_points.txt
/home/gnd0/robot_ws/src/turtle_pkg/install/turtle_pkg/lib/python3.8/site-packages/turtle_pkg-0.0.0-py3.8.egg-info/zip-safe
/home/gnd0/robot_ws/src/turtle_pkg/install/turtle_pkg/lib/turtle_pkg/circle
/home/gnd0/robot_ws/src/turtle_pkg/install/turtle_pkg/lib/turtle_pkg/remote_turtle
/home/gnd0/robot_ws/src/turtle_pkg/install/turtle_pkg/lib/turtle_pkg/rotate_turtle
/home/gnd0/robot_ws/src/turtle_pkg/install/turtle_pkg/lib/turtle_pkg/rotate_turtle2
/home/gnd0/robot_ws/src/turtle_pkg/install/turtle_pkg/lib/turtle_pkg/rotate_turtle3
/home/gnd0/robot_ws/src/turtle_pkg/install/turtle_pkg/lib/turtle_pkg/sub_pose
