running egg_info
creating build/turtle_pkg/turtle_pkg.egg-info
writing build/turtle_pkg/turtle_pkg.egg-info/PKG-INFO
writing dependency_links to build/turtle_pkg/turtle_pkg.egg-info/dependency_links.txt
writing entry points to build/turtle_pkg/turtle_pkg.egg-info/entry_points.txt
writing requirements to build/turtle_pkg/turtle_pkg.egg-info/requires.txt
writing top-level names to build/turtle_pkg/turtle_pkg.egg-info/top_level.txt
writing manifest file 'build/turtle_pkg/turtle_pkg.egg-info/SOURCES.txt'
reading manifest file 'build/turtle_pkg/turtle_pkg.egg-info/SOURCES.txt'
writing manifest file 'build/turtle_pkg/turtle_pkg.egg-info/SOURCES.txt'
running build
running build_py
creating /home/gnd0/robot_ws/src/turtle_pkg/build/turtle_pkg/build
creating /home/gnd0/robot_ws/src/turtle_pkg/build/turtle_pkg/build/lib
creating /home/gnd0/robot_ws/src/turtle_pkg/build/turtle_pkg/build/lib/turtle_pkg
copying turtle_pkg/sub_pose.py -> /home/gnd0/robot_ws/src/turtle_pkg/build/turtle_pkg/build/lib/turtle_pkg
copying turtle_pkg/__init__.py -> /home/gnd0/robot_ws/src/turtle_pkg/build/turtle_pkg/build/lib/turtle_pkg
copying turtle_pkg/move_turtle.py -> /home/gnd0/robot_ws/src/turtle_pkg/build/turtle_pkg/build/lib/turtle_pkg
copying turtle_pkg/rotate_turtle2.py -> /home/gnd0/robot_ws/src/turtle_pkg/build/turtle_pkg/build/lib/turtle_pkg
copying turtle_pkg/rotate_turtle5.py -> /home/gnd0/robot_ws/src/turtle_pkg/build/turtle_pkg/build/lib/turtle_pkg
copying turtle_pkg/rotate_turtle.py -> /home/gnd0/robot_ws/src/turtle_pkg/build/turtle_pkg/build/lib/turtle_pkg
copying turtle_pkg/rotate_turtle (copy).py -> /home/gnd0/robot_ws/src/turtle_pkg/build/turtle_pkg/build/lib/turtle_pkg
copying turtle_pkg/rotate_turtle3.py -> /home/gnd0/robot_ws/src/turtle_pkg/build/turtle_pkg/build/lib/turtle_pkg
copying turtle_pkg/remote_turtle.py -> /home/gnd0/robot_ws/src/turtle_pkg/build/turtle_pkg/build/lib/turtle_pkg
copying turtle_pkg/getchar.py -> /home/gnd0/robot_ws/src/turtle_pkg/build/turtle_pkg/build/lib/turtle_pkg
running install
running install_lib
creating /home/gnd0/robot_ws/src/turtle_pkg/install/turtle_pkg/lib/python3.8/site-packages/turtle_pkg
copying /home/gnd0/robot_ws/src/turtle_pkg/build/turtle_pkg/build/lib/turtle_pkg/sub_pose.py -> /home/gnd0/robot_ws/src/turtle_pkg/install/turtle_pkg/lib/python3.8/site-packages/turtle_pkg
copying /home/gnd0/robot_ws/src/turtle_pkg/build/turtle_pkg/build/lib/turtle_pkg/__init__.py -> /home/gnd0/robot_ws/src/turtle_pkg/install/turtle_pkg/lib/python3.8/site-packages/turtle_pkg
copying /home/gnd0/robot_ws/src/turtle_pkg/build/turtle_pkg/build/lib/turtle_pkg/move_turtle.py -> /home/gnd0/robot_ws/src/turtle_pkg/install/turtle_pkg/lib/python3.8/site-packages/turtle_pkg
copying /home/gnd0/robot_ws/src/turtle_pkg/build/turtle_pkg/build/lib/turtle_pkg/rotate_turtle2.py -> /home/gnd0/robot_ws/src/turtle_pkg/install/turtle_pkg/lib/python3.8/site-packages/turtle_pkg
copying /home/gnd0/robot_ws/src/turtle_pkg/build/turtle_pkg/build/lib/turtle_pkg/rotate_turtle5.py -> /home/gnd0/robot_ws/src/turtle_pkg/install/turtle_pkg/lib/python3.8/site-packages/turtle_pkg
copying /home/gnd0/robot_ws/src/turtle_pkg/build/turtle_pkg/build/lib/turtle_pkg/rotate_turtle.py -> /home/gnd0/robot_ws/src/turtle_pkg/install/turtle_pkg/lib/python3.8/site-packages/turtle_pkg
copying /home/gnd0/robot_ws/src/turtle_pkg/build/turtle_pkg/build/lib/turtle_pkg/rotate_turtle (copy).py -> /home/gnd0/robot_ws/src/turtle_pkg/install/turtle_pkg/lib/python3.8/site-packages/turtle_pkg
copying /home/gnd0/robot_ws/src/turtle_pkg/build/turtle_pkg/build/lib/turtle_pkg/rotate_turtle3.py -> /home/gnd0/robot_ws/src/turtle_pkg/install/turtle_pkg/lib/python3.8/site-packages/turtle_pkg
copying /home/gnd0/robot_ws/src/turtle_pkg/build/turtle_pkg/build/lib/turtle_pkg/remote_turtle.py -> /home/gnd0/robot_ws/src/turtle_pkg/install/turtle_pkg/lib/python3.8/site-packages/turtle_pkg
copying /home/gnd0/robot_ws/src/turtle_pkg/build/turtle_pkg/build/lib/turtle_pkg/getchar.py -> /home/gnd0/robot_ws/src/turtle_pkg/install/turtle_pkg/lib/python3.8/site-packages/turtle_pkg
byte-compiling /home/gnd0/robot_ws/src/turtle_pkg/install/turtle_pkg/lib/python3.8/site-packages/turtle_pkg/sub_pose.py to sub_pose.cpython-38.pyc
byte-compiling /home/gnd0/robot_ws/src/turtle_pkg/install/turtle_pkg/lib/python3.8/site-packages/turtle_pkg/__init__.py to __init__.cpython-38.pyc
byte-compiling /home/gnd0/robot_ws/src/turtle_pkg/install/turtle_pkg/lib/python3.8/site-packages/turtle_pkg/move_turtle.py to move_turtle.cpython-38.pyc
byte-compiling /home/gnd0/robot_ws/src/turtle_pkg/install/turtle_pkg/lib/python3.8/site-packages/turtle_pkg/rotate_turtle2.py to rotate_turtle2.cpython-38.pyc
byte-compiling /home/gnd0/robot_ws/src/turtle_pkg/install/turtle_pkg/lib/python3.8/site-packages/turtle_pkg/rotate_turtle5.py to rotate_turtle5.cpython-38.pyc
byte-compiling /home/gnd0/robot_ws/src/turtle_pkg/install/turtle_pkg/lib/python3.8/site-packages/turtle_pkg/rotate_turtle.py to rotate_turtle.cpython-38.pyc
byte-compiling /home/gnd0/robot_ws/src/turtle_pkg/install/turtle_pkg/lib/python3.8/site-packages/turtle_pkg/rotate_turtle (copy).py to rotate_turtle (copy).cpython-38.pyc
byte-compiling /home/gnd0/robot_ws/src/turtle_pkg/install/turtle_pkg/lib/python3.8/site-packages/turtle_pkg/rotate_turtle3.py to rotate_turtle3.cpython-38.pyc
byte-compiling /home/gnd0/robot_ws/src/turtle_pkg/install/turtle_pkg/lib/python3.8/site-packages/turtle_pkg/remote_turtle.py to remote_turtle.cpython-38.pyc
byte-compiling /home/gnd0/robot_ws/src/turtle_pkg/install/turtle_pkg/lib/python3.8/site-packages/turtle_pkg/getchar.py to getchar.cpython-38.pyc
running install_data
creating /home/gnd0/robot_ws/src/turtle_pkg/install/turtle_pkg/share/ament_index
creating /home/gnd0/robot_ws/src/turtle_pkg/install/turtle_pkg/share/ament_index/resource_index
creating /home/gnd0/robot_ws/src/turtle_pkg/install/turtle_pkg/share/ament_index/resource_index/packages
copying resource/turtle_pkg -> /home/gnd0/robot_ws/src/turtle_pkg/install/turtle_pkg/share/ament_index/resource_index/packages
copying package.xml -> /home/gnd0/robot_ws/src/turtle_pkg/install/turtle_pkg/share/turtle_pkg
running install_egg_info
Copying build/turtle_pkg/turtle_pkg.egg-info to /home/gnd0/robot_ws/src/turtle_pkg/install/turtle_pkg/lib/python3.8/site-packages/turtle_pkg-0.0.0-py3.8.egg-info
running install_scripts
Installing circle script to /home/gnd0/robot_ws/src/turtle_pkg/install/turtle_pkg/lib/turtle_pkg
Installing remote_turtle script to /home/gnd0/robot_ws/src/turtle_pkg/install/turtle_pkg/lib/turtle_pkg
Installing rotate_turtle script to /home/gnd0/robot_ws/src/turtle_pkg/install/turtle_pkg/lib/turtle_pkg
Installing rotate_turtle2 script to /home/gnd0/robot_ws/src/turtle_pkg/install/turtle_pkg/lib/turtle_pkg
Installing rotate_turtle3 script to /home/gnd0/robot_ws/src/turtle_pkg/install/turtle_pkg/lib/turtle_pkg
Installing sub_pose script to /home/gnd0/robot_ws/src/turtle_pkg/install/turtle_pkg/lib/turtle_pkg
writing list of installed files to '/home/gnd0/robot_ws/src/turtle_pkg/build/turtle_pkg/install.log'
