running egg_info
writing build/turtle_pkg/turtle_pkg.egg-info/PKG-INFO
writing dependency_links to build/turtle_pkg/turtle_pkg.egg-info/dependency_links.txt
writing entry points to build/turtle_pkg/turtle_pkg.egg-info/entry_points.txt
writing requirements to build/turtle_pkg/turtle_pkg.egg-info/requires.txt
writing top-level names to build/turtle_pkg/turtle_pkg.egg-info/top_level.txt
reading manifest file 'build/turtle_pkg/turtle_pkg.egg-info/SOURCES.txt'
writing manifest file 'build/turtle_pkg/turtle_pkg.egg-info/SOURCES.txt'
running build
running build_py
copying turtle_pkg/rotate_turtle2.py -> /home/gnd0/robot_ws/src/turtle_pkg/build/turtle_pkg/build/lib/turtle_pkg
running install
running install_lib
copying /home/gnd0/robot_ws/src/turtle_pkg/build/turtle_pkg/build/lib/turtle_pkg/rotate_turtle2.py -> /home/gnd0/robot_ws/src/turtle_pkg/install/turtle_pkg/lib/python3.8/site-packages/turtle_pkg
byte-compiling /home/gnd0/robot_ws/src/turtle_pkg/install/turtle_pkg/lib/python3.8/site-packages/turtle_pkg/rotate_turtle2.py to rotate_turtle2.cpython-38.pyc
running install_data
running install_egg_info
removing '/home/gnd0/robot_ws/src/turtle_pkg/install/turtle_pkg/lib/python3.8/site-packages/turtle_pkg-0.0.0-py3.8.egg-info' (and everything under it)
Copying build/turtle_pkg/turtle_pkg.egg-info to /home/gnd0/robot_ws/src/turtle_pkg/install/turtle_pkg/lib/python3.8/site-packages/turtle_pkg-0.0.0-py3.8.egg-info
running install_scripts
Installing circle script to /home/gnd0/robot_ws/src/turtle_pkg/install/turtle_pkg/lib/turtle_pkg
Installing remote_turtle script to /home/gnd0/robot_ws/src/turtle_pkg/install/turtle_pkg/lib/turtle_pkg
Installing rotate_turtle script to /home/gnd0/robot_ws/src/turtle_pkg/install/turtle_pkg/lib/turtle_pkg
Installing rotate_turtle2 script to /home/gnd0/robot_ws/src/turtle_pkg/install/turtle_pkg/lib/turtle_pkg
Installing rotate_turtle3 script to /home/gnd0/robot_ws/src/turtle_pkg/install/turtle_pkg/lib/turtle_pkg
Installing sub_pose script to /home/gnd0/robot_ws/src/turtle_pkg/install/turtle_pkg/lib/turtle_pkg
writing list of installed files to '/home/gnd0/robot_ws/src/turtle_pkg/build/turtle_pkg/install.log'
