[0.452s] Invoking command in '/home/gnd0/robot_ws/src/turtle_pkg': PYTHONPATH=/home/gnd0/robot_ws/src/turtle_pkg/build/turtle_pkg/prefix_override:/home/gnd0/robot_ws/src/turtle_pkg/install/turtle_pkg/lib/python3.8/site-packages:${PYTHONPATH} /usr/bin/python3 setup.py egg_info --egg-base build/turtle_pkg build --build-base /home/gnd0/robot_ws/src/turtle_pkg/build/turtle_pkg/build install --record /home/gnd0/robot_ws/src/turtle_pkg/build/turtle_pkg/install.log --install-scripts $base/lib/turtle_pkg --single-version-externally-managed
[0.551s] running egg_info
[0.551s] writing build/turtle_pkg/turtle_pkg.egg-info/PKG-INFO
[0.551s] writing dependency_links to build/turtle_pkg/turtle_pkg.egg-info/dependency_links.txt
[0.551s] writing entry points to build/turtle_pkg/turtle_pkg.egg-info/entry_points.txt
[0.551s] writing requirements to build/turtle_pkg/turtle_pkg.egg-info/requires.txt
[0.551s] writing top-level names to build/turtle_pkg/turtle_pkg.egg-info/top_level.txt
[0.570s] reading manifest file 'build/turtle_pkg/turtle_pkg.egg-info/SOURCES.txt'
[0.570s] writing manifest file 'build/turtle_pkg/turtle_pkg.egg-info/SOURCES.txt'
[0.570s] running build
[0.570s] running build_py
[0.570s] copying turtle_pkg/rotate_turtle2.py -> /home/gnd0/robot_ws/src/turtle_pkg/build/turtle_pkg/build/lib/turtle_pkg
[0.571s] running install
[0.571s] running install_lib
[0.571s] copying /home/gnd0/robot_ws/src/turtle_pkg/build/turtle_pkg/build/lib/turtle_pkg/rotate_turtle2.py -> /home/gnd0/robot_ws/src/turtle_pkg/install/turtle_pkg/lib/python3.8/site-packages/turtle_pkg
[0.572s] byte-compiling /home/gnd0/robot_ws/src/turtle_pkg/install/turtle_pkg/lib/python3.8/site-packages/turtle_pkg/rotate_turtle2.py to rotate_turtle2.cpython-38.pyc
[0.573s] running install_data
[0.573s] running install_egg_info
[0.574s] removing '/home/gnd0/robot_ws/src/turtle_pkg/install/turtle_pkg/lib/python3.8/site-packages/turtle_pkg-0.0.0-py3.8.egg-info' (and everything under it)
[0.574s] Copying build/turtle_pkg/turtle_pkg.egg-info to /home/gnd0/robot_ws/src/turtle_pkg/install/turtle_pkg/lib/python3.8/site-packages/turtle_pkg-0.0.0-py3.8.egg-info
[0.574s] running install_scripts
[0.583s] Installing circle script to /home/gnd0/robot_ws/src/turtle_pkg/install/turtle_pkg/lib/turtle_pkg
[0.583s] Installing remote_turtle script to /home/gnd0/robot_ws/src/turtle_pkg/install/turtle_pkg/lib/turtle_pkg
[0.583s] Installing rotate_turtle script to /home/gnd0/robot_ws/src/turtle_pkg/install/turtle_pkg/lib/turtle_pkg
[0.583s] Installing rotate_turtle2 script to /home/gnd0/robot_ws/src/turtle_pkg/install/turtle_pkg/lib/turtle_pkg
[0.583s] Installing rotate_turtle3 script to /home/gnd0/robot_ws/src/turtle_pkg/install/turtle_pkg/lib/turtle_pkg
[0.583s] Installing sub_pose script to /home/gnd0/robot_ws/src/turtle_pkg/install/turtle_pkg/lib/turtle_pkg
[0.583s] writing list of installed files to '/home/gnd0/robot_ws/src/turtle_pkg/build/turtle_pkg/install.log'
[0.594s] Invoked command in '/home/gnd0/robot_ws/src/turtle_pkg' returned '0': PYTHONPATH=/home/gnd0/robot_ws/src/turtle_pkg/build/turtle_pkg/prefix_override:/home/gnd0/robot_ws/src/turtle_pkg/install/turtle_pkg/lib/python3.8/site-packages:${PYTHONPATH} /usr/bin/python3 setup.py egg_info --egg-base build/turtle_pkg build --build-base /home/gnd0/robot_ws/src/turtle_pkg/build/turtle_pkg/build install --record /home/gnd0/robot_ws/src/turtle_pkg/build/turtle_pkg/install.log --install-scripts $base/lib/turtle_pkg --single-version-externally-managed
