[0.988s] DEBUG:colcon:Command line arguments: ['/usr/bin/colcon', 'build', '--packages-select', 'turtle_pkg']
[0.988s] DEBUG:colcon:Parsed command line arguments: Namespace(allow_overriding=[], ament_cmake_args=None, base_paths=['.'], build_base='build', catkin_cmake_args=None, catkin_skip_building_tests=False, cmake_args=None, cmake_clean_cache=False, cmake_clean_first=False, cmake_force_configure=False, cmake_target=None, cmake_target_skip_unavailable=False, continue_on_error=False, event_handlers=None, executor='parallel', ignore_user_meta=False, install_base='install', log_base=None, log_level=None, main=<bound method BuildVerb.main of <colcon_core.verb.build.BuildVerb object at 0x7fc2ce030310>>, merge_install=False, metas=['./colcon.meta'], packages_above=None, packages_above_and_dependencies=None, packages_above_depth=None, packages_end=None, packages_ignore=None, packages_ignore_regex=None, packages_select=['turtle_pkg'], packages_select_build_failed=False, packages_select_by_dep=None, packages_select_regex=None, packages_select_test_failures=False, packages_skip=None, packages_skip_build_finished=False, packages_skip_by_dep=None, packages_skip_regex=None, packages_skip_test_passed=False, packages_skip_up_to=None, packages_start=None, packages_up_to=None, packages_up_to_regex=None, parallel_workers=16, paths=None, symlink_install=False, test_result_base=None, verb_extension=<colcon_core.verb.build.BuildVerb object at 0x7fc2ce030310>, verb_name='build', verb_parser=<colcon_defaults.argument_parser.defaults.DefaultArgumentsDecorator object at 0x7fc2ce0307f0>)
[1.030s] Level 1:colcon.colcon_core.package_discovery:discover_packages(colcon_meta) check parameters
[1.031s] Level 1:colcon.colcon_core.package_discovery:discover_packages(recursive) check parameters
[1.031s] Level 1:colcon.colcon_core.package_discovery:discover_packages(ignore) check parameters
[1.031s] Level 1:colcon.colcon_core.package_discovery:discover_packages(path) check parameters
[1.031s] Level 1:colcon.colcon_core.package_discovery:discover_packages(colcon_meta) discover
[1.031s] Level 1:colcon.colcon_core.package_discovery:discover_packages(recursive) discover
[1.031s] INFO:colcon.colcon_core.package_discovery:Crawling recursively for packages in '/home/gnd0/robot_ws/src/turtle_pkg'
[1.031s] Level 1:colcon.colcon_core.package_identification:_identify(.) by extensions ['ignore', 'ignore_ament_install']
[1.031s] Level 1:colcon.colcon_core.package_identification:_identify(.) by extension 'ignore'
[1.031s] Level 1:colcon.colcon_core.package_identification:_identify(.) by extension 'ignore_ament_install'
[1.031s] Level 1:colcon.colcon_core.package_identification:_identify(.) by extensions ['colcon_pkg']
[1.031s] Level 1:colcon.colcon_core.package_identification:_identify(.) by extension 'colcon_pkg'
[1.031s] Level 1:colcon.colcon_core.package_identification:_identify(.) by extensions ['colcon_meta']
[1.031s] Level 1:colcon.colcon_core.package_identification:_identify(.) by extension 'colcon_meta'
[1.031s] Level 1:colcon.colcon_core.package_identification:_identify(.) by extensions ['ros']
[1.031s] Level 1:colcon.colcon_core.package_identification:_identify(.) by extension 'ros'
[1.038s] DEBUG:colcon.colcon_core.package_identification:Package '.' with type 'ros.ament_python' and name 'turtle_pkg'
[1.038s] Level 1:colcon.colcon_core.package_discovery:discover_packages(recursive) using defaults
[1.038s] Level 1:colcon.colcon_core.package_discovery:discover_packages(ignore) discover
[1.039s] Level 1:colcon.colcon_core.package_discovery:discover_packages(ignore) using defaults
[1.039s] Level 1:colcon.colcon_core.package_discovery:discover_packages(path) discover
[1.039s] Level 1:colcon.colcon_core.package_discovery:discover_packages(path) using defaults
[1.135s] Level 1:colcon.colcon_core.package_discovery:discover_packages(prefix_path) check parameters
[1.135s] Level 1:colcon.colcon_core.package_discovery:discover_packages(prefix_path) discover
[1.168s] DEBUG:colcon.colcon_installed_package_information.package_discovery:Found 4 installed packages in /home/gnd0/robot_ws/install
[1.186s] DEBUG:colcon.colcon_installed_package_information.package_discovery:Found 263 installed packages in /opt/ros/foxy
[1.186s] Level 1:colcon.colcon_core.package_discovery:discover_packages(prefix_path) using defaults
[1.254s] Level 5:colcon.colcon_core.verb:set package 'turtle_pkg' build argument 'cmake_args' from command line to 'None'
[1.254s] Level 5:colcon.colcon_core.verb:set package 'turtle_pkg' build argument 'cmake_target' from command line to 'None'
[1.254s] Level 5:colcon.colcon_core.verb:set package 'turtle_pkg' build argument 'cmake_target_skip_unavailable' from command line to 'False'
[1.254s] Level 5:colcon.colcon_core.verb:set package 'turtle_pkg' build argument 'cmake_clean_cache' from command line to 'False'
[1.254s] Level 5:colcon.colcon_core.verb:set package 'turtle_pkg' build argument 'cmake_clean_first' from command line to 'False'
[1.254s] Level 5:colcon.colcon_core.verb:set package 'turtle_pkg' build argument 'cmake_force_configure' from command line to 'False'
[1.254s] Level 5:colcon.colcon_core.verb:set package 'turtle_pkg' build argument 'ament_cmake_args' from command line to 'None'
[1.254s] Level 5:colcon.colcon_core.verb:set package 'turtle_pkg' build argument 'catkin_cmake_args' from command line to 'None'
[1.254s] Level 5:colcon.colcon_core.verb:set package 'turtle_pkg' build argument 'catkin_skip_building_tests' from command line to 'False'
[1.254s] DEBUG:colcon.colcon_core.verb:Building package 'turtle_pkg' with the following arguments: {'ament_cmake_args': None, 'build_base': '/home/gnd0/robot_ws/src/turtle_pkg/build/turtle_pkg', 'catkin_cmake_args': None, 'catkin_skip_building_tests': False, 'cmake_args': None, 'cmake_clean_cache': False, 'cmake_clean_first': False, 'cmake_force_configure': False, 'cmake_target': None, 'cmake_target_skip_unavailable': False, 'install_base': '/home/gnd0/robot_ws/src/turtle_pkg/install/turtle_pkg', 'merge_install': False, 'path': '/home/gnd0/robot_ws/src/turtle_pkg', 'symlink_install': False, 'test_result_base': None}
[1.270s] INFO:colcon.colcon_core.executor:Executing jobs using 'parallel' executor
[1.288s] DEBUG:colcon.colcon_parallel_executor.executor.parallel:run_until_complete
[1.288s] INFO:colcon.colcon_ros.task.ament_python.build:Building ROS package in '/home/gnd0/robot_ws/src/turtle_pkg' with build type 'ament_python'
[1.288s] Level 1:colcon.colcon_core.shell:create_environment_hook('turtle_pkg', 'ament_prefix_path')
[1.305s] INFO:colcon.colcon_core.plugin_system:Skipping extension 'colcon_core.shell.bat': Not used on non-Windows systems
[1.305s] INFO:colcon.colcon_core.shell:Creating environment hook '/home/gnd0/robot_ws/src/turtle_pkg/install/turtle_pkg/share/turtle_pkg/hook/ament_prefix_path.ps1'
[1.306s] INFO:colcon.colcon_core.shell:Creating environment descriptor '/home/gnd0/robot_ws/src/turtle_pkg/install/turtle_pkg/share/turtle_pkg/hook/ament_prefix_path.dsv'
[1.306s] INFO:colcon.colcon_core.shell:Creating environment hook '/home/gnd0/robot_ws/src/turtle_pkg/install/turtle_pkg/share/turtle_pkg/hook/ament_prefix_path.sh'
[1.329s] INFO:colcon.colcon_core.shell:Skip shell extension 'powershell' for command environment: Not usable outside of PowerShell
[1.330s] DEBUG:colcon.colcon_core.shell:Skip shell extension 'dsv' for command environment
[1.492s] INFO:colcon.colcon_core.task.python.build:Building Python package in '/home/gnd0/robot_ws/src/turtle_pkg'
[1.508s] INFO:colcon.colcon_core.shell:Skip shell extension 'powershell' for command environment: Not usable outside of PowerShell
[1.508s] DEBUG:colcon.colcon_core.shell:Skip shell extension 'dsv' for command environment
[1.756s] DEBUG:colcon.colcon_core.event_handler.log_command:Invoking command in '/home/gnd0/robot_ws/src/turtle_pkg': PYTHONPATH=/home/gnd0/robot_ws/src/turtle_pkg/build/turtle_pkg/prefix_override:/home/gnd0/robot_ws/src/turtle_pkg/install/turtle_pkg/lib/python3.8/site-packages:${PYTHONPATH} /usr/bin/python3 setup.py egg_info --egg-base build/turtle_pkg build --build-base /home/gnd0/robot_ws/src/turtle_pkg/build/turtle_pkg/build install --record /home/gnd0/robot_ws/src/turtle_pkg/build/turtle_pkg/install.log --install-scripts $base/lib/turtle_pkg --single-version-externally-managed
[1.905s] DEBUG:colcon.colcon_core.event_handler.log_command:Invoked command in '/home/gnd0/robot_ws/src/turtle_pkg' returned '0': PYTHONPATH=/home/gnd0/robot_ws/src/turtle_pkg/build/turtle_pkg/prefix_override:/home/gnd0/robot_ws/src/turtle_pkg/install/turtle_pkg/lib/python3.8/site-packages:${PYTHONPATH} /usr/bin/python3 setup.py egg_info --egg-base build/turtle_pkg build --build-base /home/gnd0/robot_ws/src/turtle_pkg/build/turtle_pkg/build install --record /home/gnd0/robot_ws/src/turtle_pkg/build/turtle_pkg/install.log --install-scripts $base/lib/turtle_pkg --single-version-externally-managed
[1.923s] Level 1:colcon.colcon_core.environment:checking '/home/gnd0/robot_ws/src/turtle_pkg/install/turtle_pkg' for CMake module files
[1.924s] Level 1:colcon.colcon_core.environment:checking '/home/gnd0/robot_ws/src/turtle_pkg/install/turtle_pkg' for CMake config files
[1.924s] Level 1:colcon.colcon_core.environment:checking '/home/gnd0/robot_ws/src/turtle_pkg/install/turtle_pkg/lib'
[1.924s] Level 1:colcon.colcon_core.environment:checking '/home/gnd0/robot_ws/src/turtle_pkg/install/turtle_pkg/bin'
[1.924s] Level 1:colcon.colcon_core.environment:checking '/home/gnd0/robot_ws/src/turtle_pkg/install/turtle_pkg/lib/pkgconfig/turtle_pkg.pc'
[1.924s] Level 1:colcon.colcon_core.environment:checking '/home/gnd0/robot_ws/src/turtle_pkg/install/turtle_pkg/lib/python3.8/site-packages'
[1.924s] Level 1:colcon.colcon_core.shell:create_environment_hook('turtle_pkg', 'pythonpath')
[1.941s] INFO:colcon.colcon_core.shell:Creating environment hook '/home/gnd0/robot_ws/src/turtle_pkg/install/turtle_pkg/share/turtle_pkg/hook/pythonpath.ps1'
[1.942s] INFO:colcon.colcon_core.shell:Creating environment descriptor '/home/gnd0/robot_ws/src/turtle_pkg/install/turtle_pkg/share/turtle_pkg/hook/pythonpath.dsv'
[1.942s] INFO:colcon.colcon_core.shell:Creating environment hook '/home/gnd0/robot_ws/src/turtle_pkg/install/turtle_pkg/share/turtle_pkg/hook/pythonpath.sh'
[1.942s] Level 1:colcon.colcon_core.environment:checking '/home/gnd0/robot_ws/src/turtle_pkg/install/turtle_pkg/bin'
[1.942s] Level 1:colcon.colcon_core.environment:create_environment_scripts_only(turtle_pkg)
[1.959s] INFO:colcon.colcon_core.shell:Creating package script '/home/gnd0/robot_ws/src/turtle_pkg/install/turtle_pkg/share/turtle_pkg/package.ps1'
[1.959s] INFO:colcon.colcon_core.shell:Creating package descriptor '/home/gnd0/robot_ws/src/turtle_pkg/install/turtle_pkg/share/turtle_pkg/package.dsv'
[1.960s] INFO:colcon.colcon_core.shell:Creating package script '/home/gnd0/robot_ws/src/turtle_pkg/install/turtle_pkg/share/turtle_pkg/package.sh'
[1.960s] INFO:colcon.colcon_core.shell:Creating package script '/home/gnd0/robot_ws/src/turtle_pkg/install/turtle_pkg/share/turtle_pkg/package.bash'
[1.960s] INFO:colcon.colcon_core.shell:Creating package script '/home/gnd0/robot_ws/src/turtle_pkg/install/turtle_pkg/share/turtle_pkg/package.zsh'
[1.961s] Level 1:colcon.colcon_core.environment:create_file_with_runtime_dependencies(/home/gnd0/robot_ws/src/turtle_pkg/install/turtle_pkg/share/colcon-core/packages/turtle_pkg)
[1.961s] DEBUG:colcon.colcon_parallel_executor.executor.parallel:closing loop
[1.961s] DEBUG:colcon.colcon_parallel_executor.executor.parallel:loop closed
[1.961s] DEBUG:colcon.colcon_parallel_executor.executor.parallel:run_until_complete finished with '0'
[1.961s] DEBUG:colcon.colcon_core.event_reactor:joining thread
[1.980s] INFO:colcon.colcon_core.plugin_system:Skipping extension 'colcon_notification.desktop_notification.terminal_notifier': Not used on non-Darwin systems
[1.980s] INFO:colcon.colcon_core.plugin_system:Skipping extension 'colcon_notification.desktop_notification.win32': Not used on non-Windows systems
[1.980s] INFO:colcon.colcon_notification.desktop_notification:Sending desktop notification using 'notify2'
[1.992s] DEBUG:colcon.colcon_core.event_reactor:joined thread
[2.009s] INFO:colcon.colcon_core.shell:Creating prefix script '/home/gnd0/robot_ws/src/turtle_pkg/install/local_setup.ps1'
[2.010s] INFO:colcon.colcon_core.shell:Creating prefix util module '/home/gnd0/robot_ws/src/turtle_pkg/install/_local_setup_util_ps1.py'
[2.010s] INFO:colcon.colcon_core.shell:Creating prefix chain script '/home/gnd0/robot_ws/src/turtle_pkg/install/setup.ps1'
[2.028s] INFO:colcon.colcon_core.shell:Creating prefix script '/home/gnd0/robot_ws/src/turtle_pkg/install/local_setup.sh'
[2.028s] INFO:colcon.colcon_core.shell:Creating prefix util module '/home/gnd0/robot_ws/src/turtle_pkg/install/_local_setup_util_sh.py'
[2.029s] INFO:colcon.colcon_core.shell:Creating prefix chain script '/home/gnd0/robot_ws/src/turtle_pkg/install/setup.sh'
[2.046s] INFO:colcon.colcon_core.shell:Creating prefix script '/home/gnd0/robot_ws/src/turtle_pkg/install/local_setup.bash'
[2.047s] INFO:colcon.colcon_core.shell:Creating prefix chain script '/home/gnd0/robot_ws/src/turtle_pkg/install/setup.bash'
[2.064s] INFO:colcon.colcon_core.shell:Creating prefix script '/home/gnd0/robot_ws/src/turtle_pkg/install/local_setup.zsh'
[2.064s] INFO:colcon.colcon_core.shell:Creating prefix chain script '/home/gnd0/robot_ws/src/turtle_pkg/install/setup.zsh'
